Arguments: 
  /usr/local/bin/node /usr/local/bin/yarn start

PATH: 
  /usr/bin:/bin:/usr/sbin:/sbin:/usr/local/bin

Yarn version: 
  1.5.1

Node version: 
  9.4.0

Platform: 
  darwin x64

npm manifest: 
  No manifest

yarn manifest: 
  No manifest

Lockfile: 
  No lockfile

Trace: 
  Error: Couldn't find a package.json file in "/Users/christopherkatalinas/Desktop/Boot_Files/Hw#14/react-hw"
      at new MessageError (/usr/local/lib/node_modules/yarn/lib/cli.js:186:110)
      at /usr/local/lib/node_modules/yarn/lib/cli.js:40048:15
      at Generator.next (<anonymous>)
      at step (/usr/local/lib/node_modules/yarn/lib/cli.js:98:30)
      at /usr/local/lib/node_modules/yarn/lib/cli.js:109:13
      at <anonymous>
